Build started 2/14/2016 2:37:00 AM.
     1>Project "C:\Users\Administrator\Documents\ProtocolAnalyzer\FileTransfer\FileTransfer\FileTransfer.vcxproj" on node 2 (Build target(s)).
     1>ClCompile:
         C:\Program Files (x86)\Microsoft Visual Studio 14.0\VC\bin\x86_amd64\CL.exe /c /ZI /nologo /W3 /WX- /sdl /Od /D _MBCS /Gm /EHsc /RTC1 /MDd /GS /fp:precise /Zc:wchar_t /Zc:forScope /Zc:inline /Fo"x64\Debug\\" /Fd"x64\Debug\vc140.pdb" /Gd /TP /errorReport:prompt CircularBuffer.cpp Client.cpp MenuController.cpp Server.cpp SocketHelper.cpp Source.cpp
         Server.cpp
     1>c:\users\administrator\documents\protocolanalyzer\filetransfer\filetransfer\server.cpp(278): warning C4101: 'TimerThreadID': unreferenced local variable
     1>c:\users\administrator\documents\protocolanalyzer\filetransfer\filetransfer\server.cpp(321): warning C4101: 'client': unreferenced local variable
     1>c:\users\administrator\documents\protocolanalyzer\filetransfer\filetransfer\server.cpp(440): warning C4244: '+=': conversion from 'double' to 'DWORD', possible loss of data
         Generating Code...
         Skipping... (no relevant changes detected)
         Source.cpp
         SocketHelper.cpp
         MenuController.cpp
         Client.cpp
         CircularBuffer.cpp
       Link:
         C:\Program Files (x86)\Microsoft Visual Studio 14.0\VC\bin\x86_amd64\link.exe /ERRORREPORT:PROMPT /OUT:"C:\Users\Administrator\Documents\ProtocolAnalyzer\FileTransfer\x64\Debug\FileTransfer.exe" /INCREMENTAL /NOLOGO ws2_32.lib kernel32.lib user32.lib gdi32.lib winspool.lib comdlg32.lib advapi32.lib shell32.lib ole32.lib oleaut32.lib uuid.lib odbc32.lib odbccp32.lib kernel32.lib user32.lib gdi32.lib winspool.lib comdlg32.lib advapi32.lib shell32.lib ole32.lib oleaut32.lib uuid.lib odbc32.lib odbccp32.lib /MANIFEST /MANIFESTUAC:"level='asInvoker' uiAccess='false'" /manifest:embed /DEBUG:FASTLINK /PDB:"C:\Users\Administrator\Documents\ProtocolAnalyzer\FileTransfer\x64\Debug\FileTransfer.pdb" /TLBID:1 /DYNAMICBASE /NXCOMPAT /IMPLIB:"C:\Users\Administrator\Documents\ProtocolAnalyzer\FileTransfer\x64\Debug\FileTransfer.lib" /MACHINE:X64 x64\Debug\Resource.res
         x64\Debug\CircularBuffer.obj
         x64\Debug\Client.obj
         x64\Debug\MenuController.obj
         x64\Debug\Server.obj
         x64\Debug\SocketHelper.obj
         x64\Debug\Source.obj
         FileTransfer.vcxproj -> C:\Users\Administrator\Documents\ProtocolAnalyzer\FileTransfer\x64\Debug\FileTransfer.exe
     1>Done Building Project "C:\Users\Administrator\Documents\ProtocolAnalyzer\FileTransfer\FileTransfer\FileTransfer.vcxproj" (Build target(s)).

Build succeeded.

Time Elapsed 00:00:01.53
